as_workspace/FrontiaDemo/app/build/outputs/apk/manifest-merger-debug-report.txt
-- Merging decision tree log ---
manifest
ADDED from AndroidManifest.xml:2:1
	xmlns:android
		ADDED from AndroidManifest.xml:2:11
	package
		ADDED from AndroidManifest.xml:3:5
		INJECTED from AndroidManifest.xml:0:0
		INJECTED from AndroidManifest.xml:0:0
	android:versionName
		ADDED from AndroidManifest.xml:5:5
	android:versionCode
		ADDED from AndroidManifest.xml:4:5
		INJECTED from AndroidManifest.xml:0:0
		INJECTED from AndroidManifest.xml:0:0
uses-sdk
ADDED from AndroidManifest.xml:7:5
MERGED from com.android.support:support-v4:20.0.0:16:5
	android:targetSdkVersion
		ADDED from AndroidManifest.xml:9:9
		INJECTED from AndroidManifest.xml:0:0
		INJECTED from AndroidManifest.xml:0:0
	android:minSdkVersion
		ADDED from AndroidManifest.xml:8:9
		INJECTED from AndroidManifest.xml:0:0
		INJECTED from AndroidManifest.xml:0:0
uses-permission#android.permission.INTERNET
ADDED from AndroidManifest.xml:12:5
	android:name
		ADDED from AndroidManifest.xml:12:22
uses-permission#android.permission.ACCESS_WIFI_STATE
ADDED from AndroidManifest.xml:13:5
	android:name
		ADDED from AndroidManifest.xml:13:22
uses-permission#android.permission.ACCESS_NETWORK_STATE
ADDED from AndroidManifest.xml:14:5
	android:name
		ADDED from AndroidManifest.xml:14:22
uses-permission#android.permission.WRITE_EXTERNAL_STORAGE
ADDED from AndroidManifest.xml:15:5
	android:name
		ADDED from AndroidManifest.xml:15:22
uses-permission#android.permission.READ_PHONE_STATE
ADDED from AndroidManifest.xml:16:5
	android:name
		ADDED from AndroidManifest.xml:16:22
uses-permission#android.permission.ACCESS_DOWNLOAD_MANAGER
ADDED from AndroidManifest.xml:17:5
	android:name
		ADDED from AndroidManifest.xml:17:22
uses-permission#android.permission.DOWNLOAD_WITHOUT_NOTIFICATION
ADDED from AndroidManifest.xml:18:5
	android:name
		ADDED from AndroidManifest.xml:18:22
uses-permission#android.permission.WRITE_SETTINGS
ADDED from AndroidManifest.xml:21:5
	android:name
		ADDED from AndroidManifest.xml:21:22
uses-permission#android.permission.RECEIVE_BOOT_COMPLETED
ADDED from AndroidManifest.xml:24:5
	android:name
		ADDED from AndroidManifest.xml:24:22
uses-permission#android.permission.BROADCAST_STICKY
ADDED from AndroidManifest.xml:25:5
	android:name
		ADDED from AndroidManifest.xml:25:22
uses-permission#android.permission.VIBRATE
ADDED from AndroidManifest.xml:26:5
	android:name
		ADDED from AndroidManifest.xml:26:22
uses-permission#android.permission.DISABLE_KEYGUARD
ADDED from AndroidManifest.xml:27:5
	android:name
		ADDED from AndroidManifest.xml:27:22
uses-permission#android.permission.ACCESS_COARSE_LOCATION
ADDED from AndroidManifest.xml:28:5
	android:name
		ADDED from AndroidManifest.xml:28:22
uses-permission#android.permission.ACCESS_FINE_LOCATION
ADDED from AndroidManifest.xml:32:5
	android:name
		ADDED from AndroidManifest.xml:32:22
application
ADDED from AndroidManifest.xml:35:5
MERGED from com.android.support:support-v4:20.0.0:17:5
	android:label
		ADDED from AndroidManifest.xml:38:9
	android:allowBackup
		ADDED from AndroidManifest.xml:36:9
	android:icon
		ADDED from AndroidManifest.xml:37:9
	android:theme
		ADDED from AndroidManifest.xml:39:9
	android:name
		ADDED from AndroidManifest.xml:40:9
activity#com.baidu.frontia.demo.FrontiaActivity
ADDED from AndroidManifest.xml:42:9
	android:screenOrientation
		ADDED from AndroidManifest.xml:46:13
	android:label
		ADDED from AndroidManifest.xml:45:13
	android:configChanges
		ADDED from AndroidManifest.xml:44:13
	android:name
		ADDED from AndroidManifest.xml:43:13
intent-filter#android.intent.action.MAIN+android.intent.category.LAUNCHER
ADDED from AndroidManifest.xml:47:13
action#android.intent.action.MAIN
ADDED from AndroidManifest.xml:48:17
	android:name
		ADDED from AndroidManifest.xml:48:25
category#android.intent.category.LAUNCHER
ADDED from AndroidManifest.xml:50:17
	android:name
		ADDED from AndroidManifest.xml:50:27
receiver#com.baidu.frontia.demo.push.PushActivity$PushMessageReceiver
ADDED from AndroidManifest.xml:55:9
	android:name
		ADDED from AndroidManifest.xml:55:19
intent-filter#com.baidu.android.pushservice.action.MESSAGE+com.baidu.android.pushservice.action.RECEIVE+com.baidu.android.pushservice.action.notification.CLICK
ADDED from AndroidManifest.xml:56:13
action#com.baidu.android.pushservice.action.MESSAGE
ADDED from AndroidManifest.xml:58:17
	android:name
		ADDED from AndroidManifest.xml:58:25
action#com.baidu.android.pushservice.action.RECEIVE
ADDED from AndroidManifest.xml:60:17
	android:name
		ADDED from AndroidManifest.xml:60:25
action#com.baidu.android.pushservice.action.notification.CLICK
ADDED from AndroidManifest.xml:61:17
	android:name
		ADDED from AndroidManifest.xml:61:25
activity#com.baidu.frontia.demo.statistics.DemoActivity1
ADDED from AndroidManifest.xml:67:9
	android:label
		ADDED from AndroidManifest.xml:68:19
	android:name
		ADDED from AndroidManifest.xml:67:19
	android:launchMode
		ADDED from AndroidManifest.xml:67:60
activity#com.baidu.frontia.demo.push.PushActivity
ADDED from AndroidManifest.xml:70:3
	android:name
		ADDED from AndroidManifest.xml:70:13
activity#com.baidu.frontia.demo.social.SocialActivity
ADDED from AndroidManifest.xml:71:3
	android:name
		ADDED from AndroidManifest.xml:71:13
activity#com.baidu.frontia.demo.storage.AppDataActivity
ADDED from AndroidManifest.xml:72:3
	android:name
		ADDED from AndroidManifest.xml:72:13
activity#com.baidu.frontia.demo.storage.AppFileActivity
ADDED from AndroidManifest.xml:73:3
	android:name
		ADDED from AndroidManifest.xml:73:13
activity#com.baidu.frontia.demo.storage.PersonalFileActivity
ADDED from AndroidManifest.xml:74:3
	android:name
		ADDED from AndroidManifest.xml:74:13
activity#com.baidu.frontia.demo.role.AccountActivity
ADDED from AndroidManifest.xml:75:3
	android:name
		ADDED from AndroidManifest.xml:75:13
activity#com.baidu.frontia.demo.acl.ACLActivity
ADDED from AndroidManifest.xml:76:6
	android:name
		ADDED from AndroidManifest.xml:76:16
activity#com.baidu.frontia.demo.lbs.LBSActivity
ADDED from AndroidManifest.xml:77:6
	android:name
		ADDED from AndroidManifest.xml:77:16
activity#com.baidu.frontia.demo.share.ShareActivity
ADDED from AndroidManifest.xml:78:6
	android:name
		ADDED from AndroidManifest.xml:78:16
	android:launchMode
		ADDED from AndroidManifest.xml:79:10
activity#com.baidu.frontia.activity.share.FrontiaSocialOAuthActivity
ADDED from AndroidManifest.xml:80:9
	android:screenOrientation
		ADDED from AndroidManifest.xml:83:13
	android:theme
		ADDED from AndroidManifest.xml:84:13
	android:exported
		ADDED from AndroidManifest.xml:82:13
	android:name
		ADDED from AndroidManifest.xml:81:13
activity#com.baidu.frontia.activity.share.FrontiaLocalShareActivity
ADDED from AndroidManifest.xml:86:9
	android:configChanges
		ADDED from AndroidManifest.xml:88:14
	android:name
		ADDED from AndroidManifest.xml:87:14
	android:launchMode
		ADDED from AndroidManifest.xml:89:14
activity#com.baidu.frontia.activity.share.FrontiaQQFriendShareReceiverActivity
ADDED from AndroidManifest.xml:91:9
	android:name
		ADDED from AndroidManifest.xml:92:13
	android:launchMode
		ADDED from AndroidManifest.xml:93:13
intent-filter#android.intent.action.VIEW+android.intent.category.BROWSABLE+android.intent.category.DEFAULT
ADDED from AndroidManifest.xml:94:13
action#android.intent.action.VIEW
ADDED from AndroidManifest.xml:95:17
	android:name
		ADDED from AndroidManifest.xml:95:25
category#android.intent.category.DEFAULT
ADDED from AndroidManifest.xml:97:17
	android:name
		ADDED from AndroidManifest.xml:97:27
category#android.intent.category.BROWSABLE
ADDED from AndroidManifest.xml:98:17
	android:name
		ADDED from AndroidManifest.xml:98:27
data
ADDED from AndroidManifest.xml:100:17
	android:scheme
		ADDED from AndroidManifest.xml:100:23
activity#com.baidu.frontia.demo.wxapi.WXEntryActivity
ADDED from AndroidManifest.xml:105:9
	android:label
		ADDED from AndroidManifest.xml:108:13
	android:theme
		ADDED from AndroidManifest.xml:109:13
	android:exported
		ADDED from AndroidManifest.xml:107:13
	android:name
		ADDED from AndroidManifest.xml:106:13